2018-04-14T21:29:12.286Z - info: User function triggered, starting execution
2018-04-14T21:29:12.294Z - info: Execution took 11 ms, user function completed successfully
2018-04-14T21:29:12.353Z - info: Worker for testFunction closed due to file changes.
2018-04-14T22:56:48.554Z - info: {}
2018-04-14T22:57:19.376Z - info: Worker for typeformTest closed due to file changes.
2018-04-14T23:10:18.385Z - info: User function triggered, starting execution
2018-04-14T23:10:19.063Z - info: { Error: Request failed with status code 401
    at createError (/Users/kike/Dropbox/Documents/Dev/Desarrollos/Mail Automation/functions/node_modules/axios/lib/core/createError.js:16:15)
    at settle (/Users/kike/Dropbox/Documents/Dev/Desarrollos/Mail Automation/functions/node_modules/axios/lib/core/settle.js:18:12)
    at IncomingMessage.handleStreamEnd (/Users/kike/Dropbox/Documents/Dev/Desarrollos/Mail Automation/functions/node_modules/axios/lib/adapters/http.js:201:11)
    at emitNone (events.js:111:20)
    at IncomingMessage.emit (events.js:208:7)
    at endReadableNT (_stream_readable.js:1064:12)
    at _combinedTickCallback (internal/process/next_tick.js:138:11)
    at process._tickCallback (internal/process/next_tick.js:180:9)
  config: 
   { adapter: [Function: httpAdapter],
     transformRequest: { '0': [Function: transformRequest] },
     transformResponse: { '0': [Function: transformResponse] },
     timeout: 1000,
     xsrfCookieName: 'XSRF-TOKEN',
     xsrfHeaderName: 'X-XSRF-TOKEN',
     maxContentLength: -1,
     validateStatus: [Function: validateStatus],
     headers: 
      { Accept: 'application/json, text/plain, */*',
        Authorization: '5gXSHAnx2whqaWGAePLYN8G7Jg2VhggwEHh94Tr5Whni',
        'User-Agent': 'axios/0.18.0' },
     method: 'get',
     baseURL: 'https://api.typeform.com/forms/fo2BdT',
     url: 'https://api.typeform.com/forms/fo2BdT/responses?completed=true',
     data: undefined },
  request: 
   ClientRequest {
     domain: null,
     _events: 
      { socket: [Function],
        abort: [Function],
        aborted: [Function],
        error: [Function],
        timeout: [Function],
        prefinish: [Function: requestOnPrefinish] },
     _eventsCount: 6,
     _maxListeners: undefined,
     output: [],
     outputEncodings: [],
     outputCallbacks: [],
     outputSize: 0,
     writable: true,
     _last: true,
     upgrading: false,
     chunkedEncoding: false,
     shouldKeepAlive: false,
     useChunkedEncodingByDefault: false,
     sendDate: false,
     _removedConnection: false,
     _removedContLen: false,
     _removedTE: false,
     _contentLength: 0,
     _hasBody: true,
     _trailer: '',
     finished: true,
     _headerSent: true,
     socket: 
      TLSSocket {
        _tlsOptions: [Object],
        _secureEstablished: true,
        _securePending: false,
        _newSessionPending: false,
        _controlReleased: true,
        _SNICallback: null,
        servername: null,
        npnProtocol: undefined,
        alpnProtocol: false,
        authorized: true,
        authorizationError: null,
        encrypted: true,
        _events: [Object],
        _eventsCount: 9,
        connecting: false,
        _hadError: false,
        _handle: null,
        _parent: null,
        _host: 'api.typeform.com',
        _readableState: [Object],
        readable: false,
        domain: null,
        _maxListeners: undefined,
        _writableState: [Object],
        writable: false,
        allowHalfOpen: false,
        _bytesDispatched: 228,
        _sockname: null,
        _pendingData: null,
        _pendingEncoding: '',
        server: undefined,
        _server: null,
        ssl: null,
        _requestCert: true,
        _rejectUnauthorized: true,
        parser: null,
        _httpMessage: [Circular],
        read: [Function],
        _consuming: true,
        _idleNext: null,
        _idlePrev: null,
        _idleTimeout: -1,
        [Symbol(asyncId)]: 43,
        [Symbol(bytesRead)]: 373 },
     connection: 
      TLSSocket {
        _tlsOptions: [Object],
        _secureEstablished: true,
        _securePending: false,
        _newSessionPending: false,
        _controlReleased: true,
        _SNICallback: null,
        servername: null,
        npnProtocol: undefined,
        alpnProtocol: false,
        authorized: true,
        authorizationError: null,
        encrypted: true,
        _events: [Object],
        _eventsCount: 9,
        connecting: false,
        _hadError: false,
        _handle: null,
        _parent: null,
        _host: 'api.typeform.com',
        _readableState: [Object],
        readable: false,
        domain: null,
        _maxListeners: undefined,
        _writableState: [Object],
        writable: false,
        allowHalfOpen: false,
        _bytesDispatched: 228,
        _sockname: null,
        _pendingData: null,
        _pendingEncoding: '',
        server: undefined,
        _server: null,
        ssl: null,
        _requestCert: true,
        _rejectUnauthorized: true,
        parser: null,
        _httpMessage: [Circular],
        read: [Function],
        _consuming: true,
        _idleNext: null,
        _idlePrev: null,
        _idleTimeout: -1,
        [Symbol(asyncId)]: 43,
        [Symbol(bytesRead)]: 373 },
     _header: 'GET /forms/fo2BdT/responses?completed=true HTTP/1.1\r\nAccept: application/json, text/plain, */*\r\nAuthorization: 5gXSHAnx2whqaWGAePLYN8G7Jg2VhggwEHh94Tr5Whni\r\nUser-Agent: axios/0.18.0\r\nHost: api.typeform.com\r\nConnection: close\r\n\r\n',
     _onPendingData: [Function: noopPendingOutput],
     agent: 
      Agent {
        domain: null,
        _events: [Object],
        _eventsCount: 1,
        _maxListeners: undefined,
        defaultPort: 443,
        protocol: 'https:',
        options: [Object],
        requests: {},
        sockets: [Object],
        freeSockets: {},
        keepAliveMsecs: 1000,
        keepAlive: false,
        maxSockets: Infinity,
        maxFreeSockets: 256,
        maxCachedSessions: 100,
        _sessionCache: [Object] },
     socketPath: undefined,
     timeout: undefined,
     method: 'GET',
     path: '/forms/fo2BdT/responses?completed=true',
     _ended: true,
     res: 
      IncomingMessage {
        _readableState: [Object],
        readable: false,
        domain: null,
        _events: [Object],
        _eventsCount: 3,
        _maxListeners: undefined,
        socket: [Object],
        connection: [Object],
        httpVersionMajor: 1,
        httpVersionMinor: 1,
        httpVersion: '1.1',
        complete: true,
        headers: [Object],
        rawHeaders: [Array],
        trailers: {},
        rawTrailers: [],
        upgrade: false,
        url: '',
        method: null,
        statusCode: 401,
        statusMessage: 'Unauthorized',
        client: [Object],
        _consuming: true,
        _dumped: false,
        req: [Circular],
        responseUrl: 'https://api.typeform.com/forms/fo2BdT/responses?completed=true',
        read: [Function] },
     aborted: undefined,
     timeoutCb: null,
     upgradeOrConnect: false,
     parser: null,
     maxHeadersCount: null,
     _redirectable: 
      Writable {
        _writableState: [Object],
        writable: true,
        domain: null,
        _events: [Object],
        _eventsCount: 2,
        _maxListeners: undefined,
        _options: [Object],
        _redirectCount: 0,
        _requestBodyLength: 0,
        _requestBodyBuffers: [],
        _onNativeResponse: [Function],
        _currentRequest: [Circular],
        _currentUrl: 'https://api.typeform.com/forms/fo2BdT/responses?completed=true' },
     [Symbol(outHeadersKey)]: 
      { accept: [Array],
        authorization: [Array],
        'user-agent': [Array],
        host: [Array] } },
  response: 
   { status: 401,
     statusText: 'Unauthorized',
     headers: 
      { 'access-control-expose-headers': 'Location, X-Request-Id',
        'content-type': 'text/plain; charset=utf-8',
        date: 'Sat, 14 Apr 2018 23:10:19 GMT',
        server: 'nginx',
        'x-request-id': '81745754389e88080ae6435f320d2a6b',
        'content-length': '108',
        connection: 'Close' },
     config: 
      { adapter: [Function: httpAdapter],
        transformRequest: [Object],
        transformResponse: [Object],
        timeout: 1000,
        xsrfCookieName: 'XSRF-TOKEN',
        xsrfHeaderName: 'X-XSRF-TOKEN',
        maxContentLength: -1,
        validateStatus: [Function: validateStatus],
        headers: [Object],
        method: 'get',
        baseURL: 'https://api.typeform.com/forms/fo2BdT',
        url: 'https://api.typeform.com/forms/fo2BdT/responses?completed=true',
        
2018-04-14T23:10:19.064Z - info: data: undefined },
     request: 
      ClientRequest {
        domain: null,
        _events: [Object],
        _eventsCount: 6,
        _maxListeners: undefined,
        output: [],
        outputEncodings: [],
        outputCallbacks: [],
        outputSize: 0,
        writable: true,
        _last: true,
        upgrading: false,
        chunkedEncoding: false,
        shouldKeepAlive: false,
        useChunkedEncodingByDefault: false,
        sendDate: false,
        _removedConnection: false,
        _removedContLen: false,
        _removedTE: false,
        _contentLength: 0,
        _hasBody: true,
        _trailer: '',
        finished: true,
        _headerSent: true,
        socket: [Object],
        connection: [Object],
        _header: 'GET /forms/fo2BdT/responses?completed=true HTTP/1.1\r\nAccept: application/json, text/plain, */*\r\nAuthorization: 5gXSHAnx2whqaWGAePLYN8G7Jg2VhggwEHh94Tr5Whni\r\nUser-Agent: axios/0.18.0\r\nHost: api.typeform.com\r\nConnection: close\r\n\r\n',
        _onPendingData: [Function: noopPendingOutput],
        agent: [Object],
        socketPath: undefined,
        timeout: undefined,
        method: 'GET',
        path: '/forms/fo2BdT/responses?completed=true',
        _ended: true,
        res: [Object],
        aborted: undefined,
        timeoutCb: null,
        upgradeOrConnect: false,
        parser: null,
        maxHeadersCount: null,
        _redirectable: [Object],
        [Symbol(outHeadersKey)]: [Object] },
     data: 
      { code: 'AUTHENTICATION_FAILED',
        description: 'Authentication credentials not found on the Request Headers' } } }
2018-04-14T23:11:06.655Z - info: Execution took 48287 ms, finished with status: 'crash'
2018-04-14T23:11:29.231Z - info: User function triggered, starting execution
2018-04-14T23:11:29.684Z - info: { status: 200,
  statusText: 'OK',
  headers: 
   { 'access-control-allow-headers': 'X-Typeform-Key, Content-Type, Authorization, Typeform-Version',
     'access-control-allow-methods': 'GET, POST, PUT, PATCH, DELETE, OPTIONS',
     'access-control-expose-headers': 'Location, X-Request-Id',
     'content-type': 'application/json',
     date: 'Sat, 14 Apr 2018 23:11:29 GMT',
     server: 'nginx',
     'typeform-version': '2016-05-25',
     'x-human': 'https://www.typeform.com/careers',
     'x-request-id': '7efecd59b3a89c1892b299ea8711524c',
     'content-length': '786',
     connection: 'Close' },
  config: 
   { adapter: [Function: httpAdapter],
     transformRequest: { '0': [Function: transformRequest] },
     transformResponse: { '0': [Function: transformResponse] },
     timeout: 1000,
     xsrfCookieName: 'XSRF-TOKEN',
     xsrfHeaderName: 'X-XSRF-TOKEN',
     maxContentLength: -1,
     validateStatus: [Function: validateStatus],
     headers: 
      { Accept: 'application/json, text/plain, */*',
        Authorization: 'bearer 5gXSHAnx2whqaWGAePLYN8G7Jg2VhggwEHh94Tr5Whni',
        'User-Agent': 'axios/0.18.0' },
     method: 'get',
     baseURL: 'https://api.typeform.com/forms/fo2BdT',
     url: 'https://api.typeform.com/forms/fo2BdT/responses?completed=true',
     data: undefined },
  request: 
   ClientRequest {
     domain: null,
     _events: 
      { socket: [Function],
        abort: [Function],
        aborted: [Function],
        error: [Function],
        timeout: [Function],
        prefinish: [Function: requestOnPrefinish] },
     _eventsCount: 6,
     _maxListeners: undefined,
     output: [],
     outputEncodings: [],
     outputCallbacks: [],
     outputSize: 0,
     writable: true,
     _last: true,
     upgrading: false,
     chunkedEncoding: false,
     shouldKeepAlive: false,
     useChunkedEncodingByDefault: false,
     sendDate: false,
     _removedConnection: false,
     _removedContLen: false,
     _removedTE: false,
     _contentLength: 0,
     _hasBody: true,
     _trailer: '',
     finished: true,
     _headerSent: true,
     socket: 
      TLSSocket {
        _tlsOptions: [Object],
        _secureEstablished: true,
        _securePending: false,
        _newSessionPending: false,
        _controlReleased: true,
        _SNICallback: null,
        servername: null,
        npnProtocol: undefined,
        alpnProtocol: false,
        authorized: true,
        authorizationError: null,
        encrypted: true,
        _events: [Object],
        _eventsCount: 9,
        connecting: false,
        _hadError: false,
        _handle: null,
        _parent: null,
        _host: 'api.typeform.com',
        _readableState: [Object],
        readable: false,
        domain: null,
        _maxListeners: undefined,
        _writableState: [Object],
        writable: false,
        allowHalfOpen: false,
        _bytesDispatched: 235,
        _sockname: null,
        _pendingData: null,
        _pendingEncoding: '',
        server: undefined,
        _server: null,
        ssl: null,
        _requestCert: true,
        _rejectUnauthorized: true,
        parser: null,
        _httpMessage: [Circular],
        read: [Function],
        _consuming: true,
        _idleNext: null,
        _idlePrev: null,
        _idleTimeout: -1,
        [Symbol(asyncId)]: 43,
        [Symbol(bytesRead)]: 1268 },
     connection: 
      TLSSocket {
        _tlsOptions: [Object],
        _secureEstablished: true,
        _securePending: false,
        _newSessionPending: false,
        _controlReleased: true,
        _SNICallback: null,
        servername: null,
        npnProtocol: undefined,
        alpnProtocol: false,
        authorized: true,
        authorizationError: null,
        encrypted: true,
        _events: [Object],
        _eventsCount: 9,
        connecting: false,
        _hadError: false,
        _handle: null,
        _parent: null,
        _host: 'api.typeform.com',
        _readableState: [Object],
        readable: false,
        domain: null,
        _maxListeners: undefined,
        _writableState: [Object],
        writable: false,
        allowHalfOpen: false,
        _bytesDispatched: 235,
        _sockname: null,
        _pendingData: null,
        _pendingEncoding: '',
        server: undefined,
        _server: null,
        ssl: null,
        _requestCert: true,
        _rejectUnauthorized: true,
        parser: null,
        _httpMessage: [Circular],
        read: [Function],
        _consuming: true,
        _idleNext: null,
        _idlePrev: null,
        _idleTimeout: -1,
        [Symbol(asyncId)]: 43,
        [Symbol(bytesRead)]: 1268 },
     _header: 'GET /forms/fo2BdT/responses?completed=true HTTP/1.1\r\nAccept: application/json, text/plain, */*\r\nAuthorization: bearer 5gXSHAnx2whqaWGAePLYN8G7Jg2VhggwEHh94Tr5Whni\r\nUser-Agent: axios/0.18.0\r\nHost: api.typeform.com\r\nConnection: close\r\n\r\n',
     _onPendingData: [Function: noopPendingOutput],
     agent: 
      Agent {
        domain: null,
        _events: [Object],
        _eventsCount: 1,
        _maxListeners: undefined,
        defaultPort: 443,
        protocol: 'https:',
        options: [Object],
        requests: {},
        sockets: [Object],
        freeSockets: {},
        keepAliveMsecs: 1000,
        keepAlive: false,
        maxSockets: Infinity,
        maxFreeSockets: 256,
        maxCachedSessions: 100,
        _sessionCache: [Object] },
     socketPath: undefined,
     timeout: undefined,
     method: 'GET',
     path: '/forms/fo2BdT/responses?completed=true',
     _ended: true,
     res: 
      IncomingMessage {
        _readableState: [Object],
        readable: false,
        domain: null,
        _events: [Object],
        _eventsCount: 3,
        _maxListeners: undefined,
        socket: [Object],
        connection: [Object],
        httpVersionMajor: 1,
        httpVersionMinor: 1,
        httpVersion: '1.1',
        complete: true,
        headers: [Object],
        rawHeaders: [Array],
        trailers: {},
        rawTrailers: [],
        upgrade: false,
        url: '',
        method: null,
        statusCode: 200,
        statusMessage: 'OK',
        client: [Object],
        _consuming: true,
        _dumped: false,
        req: [Circular],
        responseUrl: 'https://api.typeform.com/forms/fo2BdT/responses?completed=true',
        read: [Function] },
     aborted: undefined,
     timeoutCb: null,
     upgradeOrConnect: false,
     parser: null,
     maxHeadersCount: null,
     _redirectable: 
      Writable {
        _writableState: [Object],
        writable: true,
        domain: null,
        _events: [Object],
        _eventsCount: 2,
        _maxListeners: undefined,
        _options: [Object],
        _redirectCount: 0,
        _requestBodyLength: 0,
        _requestBodyBuffers: [],
        _onNativeResponse: [Function],
        _currentRequest: [Circular],
        _currentUrl: 'https://api.typeform.com/forms/fo2BdT/responses?completed=true' },
     [Symbol(outHeadersKey)]: 
      { accept: [Array],
        authorization: [Array],
        'user-agent': [Array],
        host: [Array] } },
  data: { total_items: 1, page_count: 1, items: [ [Object] ] } }
2018-04-14T23:11:45.831Z - info: Execution took 16611 ms, finished with status: 'crash'
2018-04-14T23:12:08.176Z - info: User function triggered, starting execution
2018-04-14T23:12:08.981Z - info: { total_items: 1,
  page_count: 1,
  items: 
   [ { landing_id: '1368a940f2df7105c518109dd06046be',
       token: '1368a940f2df7105c518109dd06046be',
       landed_at: '2018-04-14T22:05:50Z',
       submitted_at: '2018-04-14T22:06:03Z',
       metadata: [Object],
       answers: [Array],
       hidden: {},
       calculated: [Object] } ] }
2018-04-14T23:12:29.226Z - info: Execution took 21058 ms, finished with status: 'crash'
2018-04-14T23:12:33.943Z - info: User function triggered, starting execution
2018-04-14T23:12:34.394Z - info: undefined
2018-04-14T23:13:05.102Z - info: Execution took 31771 ms, finished with status: 'crash'
2018-04-14T23:13:08.482Z - error: /Users/kike/Dropbox/Documents/Dev/Desarrollos/Mail Automation/functions/index.js:30
        console.log(response.data.items[].answers);
                                        ^

SyntaxError: Unexpected token ]
    at createScript (vm.js:80:10)
    at Object.runInThisContext (vm.js:139:10)
    at Module._compile (module.js:616:28)
    at Object.Module._extensions..js (module.js:663:10)
    at Module.load (module.js:565:32)
    at tryModuleLoad (module.js:505:12)
    at Function.Module._load (module.js:497:3)
    at Module.require (module.js:596:17)
    at require (internal/module.js:11:18)
    at process.on (/usr/local/lib/node_modules/firebase-tools/node_modules/@google-cloud/functions-emulator/src/supervisor/worker.js:76:28)
2018-04-14T23:13:08.504Z - error: Function worker crashed with exit code: 1
2018-04-14T23:13:28.067Z - info: User function triggered, starting execution
2018-04-14T23:13:28.738Z - info: [ { field: 
     { id: 'cJj8wwcNYOf7',
       type: 'short_text',
       ref: '3e9a12e0-c2bd-404f-8b0b-76b1f3b162df' },
    type: 'text',
    text: 'Manuel' },
  { field: 
     { id: 'AB6eDSuNiPcm',
       type: 'email',
       ref: '707dd097-838d-4992-92a0-39a2ec082dbd' },
    type: 'email',
    email: 'm@mail.com' } ]
2018-04-14T23:13:28.820Z - info: User function triggered, starting execution
2018-04-14T23:13:29.148Z - info: [ { field: 
     { id: 'AB6eDSuNiPcm',
       type: 'email',
       ref: '707dd097-838d-4992-92a0-39a2ec082dbd' },
    type: 'email',
    email: 'm@mail.com' },
  { field: 
     { id: 'cJj8wwcNYOf7',
       type: 'short_text',
       ref: '3e9a12e0-c2bd-404f-8b0b-76b1f3b162df' },
    type: 'text',
    text: 'Manuel' } ]
